<?xml version="1.0" encoding="UTF-8"?>
<coverage generated="1639921836347" clover="3.2.0">
  <project timestamp="1639921836347" name="All files">
    <metrics statements="16" coveredstatements="16" conditionals="2" coveredconditionals="2" methods="4" coveredmethods="4" elements="22" coveredelements="22" complexity="0" loc="16" ncloc="16" packages="1" files="3" classes="3"/>
    <file name="script1.js" path="C:\Users\Dylan Oh\source\repos\jest-testing\script1.js">
      <metrics statements="3" coveredstatements="3" conditionals="0" coveredconditionals="0" methods="1" coveredmethods="1"/>
      <line num="1" count="1" type="stmt"/>
      <line num="2" count="2" type="stmt"/>
      <line num="5" count="1" type="stmt"/>
    </file>
    <file name="script2.js" path="C:\Users\Dylan Oh\source\repos\jest-testing\script2.js">
      <metrics statements="5" coveredstatements="5" conditionals="2" coveredconditionals="2" methods="2" coveredmethods="2"/>
      <line num="1" count="1" type="stmt"/>
      <line num="2" count="6" type="stmt"/>
      <line num="3" count="96" type="stmt"/>
      <line num="6" count="6" type="cond" truecount="2" falsecount="0"/>
      <line num="9" count="1" type="stmt"/>
    </file>
    <file name="script3.js" path="C:\Users\Dylan Oh\source\repos\jest-testing\script3.js">
      <metrics statements="8" coveredstatements="8" conditionals="0" coveredconditionals="0" methods="1" coveredmethods="1"/>
      <line num="1" count="1" type="stmt"/>
      <line num="3" count="1" type="stmt"/>
      <line num="4" count="2" type="stmt"/>
      <line num="5" count="2" type="stmt"/>
      <line num="6" count="2" type="stmt"/>
      <line num="7" count="2" type="stmt"/>
      <line num="14" count="1" type="stmt"/>
      <line num="16" count="1" type="stmt"/>
    </file>
  </project>
</coverage>
