{"C:\\Users\\Dylan Oh\\source\\repos\\jest-testing\\script1.js": {"path":"C:\\Users\\Dylan Oh\\source\\repos\\jest-testing\\script1.js","statementMap":{"0":{"start":{"line":1,"column":16},"end":{"line":3,"column":1}},"1":{"start":{"line":2,"column":4},"end":{"line":2,"column":17}},"2":{"start":{"line":5,"column":0},"end":{"line":5,"column":25}}},"fnMap":{"0":{"name":"(anonymous_0)","decl":{"start":{"line":1,"column":16},"end":{"line":1,"column":17}},"loc":{"start":{"line":1,"column":26},"end":{"line":3,"column":1}},"line":1}},"branchMap":{},"s":{"0":1,"1":2,"2":1},"f":{"0":2},"b":{},"_coverageSchema":"1a1c01bbd47fc00a2c39e90264f33305004495a9","hash":"54ec1def2c21f87329aa303a542789d6ea509a08"}
,"C:\\Users\\Dylan Oh\\source\\repos\\jest-testing\\script2.js": {"path":"C:\\Users\\Dylan Oh\\source\\repos\\jest-testing\\script2.js","statementMap":{"0":{"start":{"line":1,"column":18},"end":{"line":7,"column":1}},"1":{"start":{"line":2,"column":20},"end":{"line":4,"column":6}},"2":{"start":{"line":3,"column":8},"end":{"line":3,"column":36}},"3":{"start":{"line":6,"column":4},"end":{"line":6,"column":62}},"4":{"start":{"line":9,"column":0},"end":{"line":9,"column":27}}},"fnMap":{"0":{"name":"(anonymous_0)","decl":{"start":{"line":1,"column":18},"end":{"line":1,"column":19}},"loc":{"start":{"line":1,"column":32},"end":{"line":7,"column":1}},"line":1},"1":{"name":"(anonymous_1)","decl":{"start":{"line":2,"column":30},"end":{"line":2,"column":31}},"loc":{"start":{"line":2,"column":39},"end":{"line":4,"column":5}},"line":2}},"branchMap":{"0":{"loc":{"start":{"line":6,"column":11},"end":{"line":6,"column":61}},"type":"cond-expr","locations":[{"start":{"line":6,"column":32},"end":{"line":6,"column":51}},{"start":{"line":6,"column":54},"end":{"line":6,"column":61}}],"line":6}},"s":{"0":1,"1":6,"2":96,"3":6,"4":1},"f":{"0":6,"1":96},"b":{"0":[1,5]},"_coverageSchema":"1a1c01bbd47fc00a2c39e90264f33305004495a9","hash":"47b9f6e6a90144302cd1c4425b9eb1343761851f"}
,"C:\\Users\\Dylan Oh\\source\\repos\\jest-testing\\script3.js": {"path":"C:\\Users\\Dylan Oh\\source\\repos\\jest-testing\\script3.js","statementMap":{"0":{"start":{"line":1,"column":14},"end":{"line":1,"column":41}},"1":{"start":{"line":3,"column":21},"end":{"line":12,"column":1}},"2":{"start":{"line":4,"column":19},"end":{"line":4,"column":65}},"3":{"start":{"line":5,"column":20},"end":{"line":5,"column":39}},"4":{"start":{"line":6,"column":17},"end":{"line":6,"column":37}},"5":{"start":{"line":7,"column":4},"end":{"line":11,"column":6}},"6":{"start":{"line":14,"column":0},"end":{"line":14,"column":33}},"7":{"start":{"line":16,"column":0},"end":{"line":16,"column":30}}},"fnMap":{"0":{"name":"(anonymous_0)","decl":{"start":{"line":3,"column":21},"end":{"line":3,"column":22}},"loc":{"start":{"line":3,"column":47},"end":{"line":12,"column":1}},"line":3}},"branchMap":{},"s":{"0":1,"1":1,"2":2,"3":2,"4":2,"5":2,"6":1,"7":1},"f":{"0":2},"b":{},"_coverageSchema":"1a1c01bbd47fc00a2c39e90264f33305004495a9","hash":"d97fe795b3ec3715ecc9212effd9105adb458f46"}
}
